{"E:\\backend\\index.js": {"path":"E:\\backend\\index.js","statementMap":{"0":{"start":{"line":9,"column":0},"end":{"line":9,"column":16}},"1":{"start":{"line":11,"column":12},"end":{"line":11,"column":21}},"2":{"start":{"line":12,"column":0},"end":{"line":12,"column":24}},"3":{"start":{"line":13,"column":0},"end":{"line":13,"column":16}},"4":{"start":{"line":15,"column":13},"end":{"line":15,"column":37}},"5":{"start":{"line":16,"column":18},"end":{"line":16,"column":39}},"6":{"start":{"line":18,"column":0},"end":{"line":23,"column":70}},"7":{"start":{"line":20,"column":8},"end":{"line":20,"column":40}},"8":{"start":{"line":21,"column":8},"end":{"line":21,"column":26}},"9":{"start":{"line":23,"column":18},"end":{"line":23,"column":68}},"10":{"start":{"line":25,"column":0},"end":{"line":25,"column":34}},"11":{"start":{"line":28,"column":24},"end":{"line":51,"column":1}},"12":{"start":{"line":29,"column":4},"end":{"line":50,"column":5}},"13":{"start":{"line":30,"column":30},"end":{"line":30,"column":84}},"14":{"start":{"line":32,"column":8},"end":{"line":47,"column":9}},"15":{"start":{"line":33,"column":35},"end":{"line":33,"column":80}},"16":{"start":{"line":34,"column":26},"end":{"line":43,"column":14}},"17":{"start":{"line":45,"column":12},"end":{"line":45,"column":31}},"18":{"start":{"line":46,"column":12},"end":{"line":46,"column":49}},"19":{"start":{"line":49,"column":8},"end":{"line":49,"column":72}},"20":{"start":{"line":54,"column":15},"end":{"line":56,"column":2}},"21":{"start":{"line":55,"column":4},"end":{"line":55,"column":76}}},"fnMap":{"0":{"name":"(anonymous_0)","decl":{"start":{"line":19,"column":10},"end":{"line":19,"column":11}},"loc":{"start":{"line":19,"column":16},"end":{"line":22,"column":5}},"line":19},"1":{"name":"(anonymous_1)","decl":{"start":{"line":23,"column":11},"end":{"line":23,"column":12}},"loc":{"start":{"line":23,"column":18},"end":{"line":23,"column":68}},"line":23},"2":{"name":"(anonymous_2)","decl":{"start":{"line":28,"column":24},"end":{"line":28,"column":25}},"loc":{"start":{"line":28,"column":36},"end":{"line":51,"column":1}},"line":28},"3":{"name":"(anonymous_3)","decl":{"start":{"line":54,"column":32},"end":{"line":54,"column":33}},"loc":{"start":{"line":54,"column":38},"end":{"line":56,"column":1}},"line":54}},"branchMap":{"0":{"loc":{"start":{"line":15,"column":13},"end":{"line":15,"column":37}},"type":"binary-expr","locations":[{"start":{"line":15,"column":13},"end":{"line":15,"column":29}},{"start":{"line":15,"column":33},"end":{"line":15,"column":37}}],"line":15},"1":{"loc":{"start":{"line":32,"column":8},"end":{"line":47,"column":9}},"type":"if","locations":[{"start":{"line":32,"column":8},"end":{"line":47,"column":9}},{"start":{},"end":{}}],"line":32}},"s":{"0":1,"1":1,"2":1,"3":1,"4":1,"5":1,"6":1,"7":1,"8":1,"9":0,"10":1,"11":1,"12":1,"13":1,"14":1,"15":1,"16":1,"17":1,"18":1,"19":0,"20":1,"21":1},"f":{"0":1,"1":0,"2":1,"3":1},"b":{"0":[1,0],"1":[1,0]},"_coverageSchema":"1a1c01bbd47fc00a2c39e90264f33305004495a9","hash":"a26583a2ff92c7acd0d73cdb194de8e73891fdd5"}
,"E:\\backend\\controllers\\userController.js": {"path":"E:\\backend\\controllers\\userController.js","statementMap":{"0":{"start":{"line":6,"column":28},"end":{"line":33,"column":1}},"1":{"start":{"line":7,"column":4},"end":{"line":32,"column":5}},"2":{"start":{"line":8,"column":86},"end":{"line":8,"column":94}},"3":{"start":{"line":11,"column":20},"end":{"line":11,"column":89}},"4":{"start":{"line":12,"column":8},"end":{"line":14,"column":9}},"5":{"start":{"line":13,"column":12},"end":{"line":13,"column":97}},"6":{"start":{"line":17,"column":29},"end":{"line":17,"column":74}},"7":{"start":{"line":18,"column":8},"end":{"line":20,"column":9}},"8":{"start":{"line":19,"column":12},"end":{"line":19,"column":82}},"9":{"start":{"line":23,"column":31},"end":{"line":23,"column":62}},"10":{"start":{"line":26,"column":21},"end":{"line":26,"column":116}},"11":{"start":{"line":27,"column":8},"end":{"line":27,"column":26}},"12":{"start":{"line":29,"column":8},"end":{"line":29,"column":65}},"13":{"start":{"line":31,"column":8},"end":{"line":31,"column":57}},"14":{"start":{"line":35,"column":25},"end":{"line":54,"column":1}},"15":{"start":{"line":36,"column":4},"end":{"line":53,"column":5}},"16":{"start":{"line":37,"column":36},"end":{"line":37,"column":44}},"17":{"start":{"line":40,"column":21},"end":{"line":40,"column":50}},"18":{"start":{"line":41,"column":8},"end":{"line":41,"column":87}},"19":{"start":{"line":41,"column":19},"end":{"line":41,"column":87}},"20":{"start":{"line":44,"column":32},"end":{"line":44,"column":77}},"21":{"start":{"line":45,"column":8},"end":{"line":45,"column":98}},"22":{"start":{"line":45,"column":30},"end":{"line":45,"column":98}},"23":{"start":{"line":48,"column":22},"end":{"line":48,"column":116}},"24":{"start":{"line":50,"column":8},"end":{"line":50,"column":28}},"25":{"start":{"line":52,"column":8},"end":{"line":52,"column":57}},"26":{"start":{"line":56,"column":24},"end":{"line":63,"column":1}},"27":{"start":{"line":57,"column":4},"end":{"line":62,"column":5}},"28":{"start":{"line":58,"column":22},"end":{"line":58,"column":62}},"29":{"start":{"line":59,"column":8},"end":{"line":59,"column":24}},"30":{"start":{"line":61,"column":8},"end":{"line":61,"column":57}},"31":{"start":{"line":66,"column":26},"end":{"line":78,"column":1}},"32":{"start":{"line":67,"column":4},"end":{"line":77,"column":5}},"33":{"start":{"line":68,"column":23},"end":{"line":68,"column":33}},"34":{"start":{"line":70,"column":21},"end":{"line":70,"column":44}},"35":{"start":{"line":71,"column":8},"end":{"line":71,"column":86}},"36":{"start":{"line":71,"column":19},"end":{"line":71,"column":86}},"37":{"start":{"line":73,"column":8},"end":{"line":73,"column":41}},"38":{"start":{"line":74,"column":8},"end":{"line":74,"column":66}},"39":{"start":{"line":76,"column":8},"end":{"line":76,"column":57}}},"fnMap":{"0":{"name":"(anonymous_0)","decl":{"start":{"line":6,"column":28},"end":{"line":6,"column":29}},"loc":{"start":{"line":6,"column":48},"end":{"line":33,"column":1}},"line":6},"1":{"name":"(anonymous_1)","decl":{"start":{"line":35,"column":25},"end":{"line":35,"column":26}},"loc":{"start":{"line":35,"column":45},"end":{"line":54,"column":1}},"line":35},"2":{"name":"(anonymous_2)","decl":{"start":{"line":56,"column":24},"end":{"line":56,"column":25}},"loc":{"start":{"line":56,"column":44},"end":{"line":63,"column":1}},"line":56},"3":{"name":"(anonymous_3)","decl":{"start":{"line":66,"column":26},"end":{"line":66,"column":27}},"loc":{"start":{"line":66,"column":46},"end":{"line":78,"column":1}},"line":66}},"branchMap":{"0":{"loc":{"start":{"line":12,"column":8},"end":{"line":14,"column":9}},"type":"if","locations":[{"start":{"line":12,"column":8},"end":{"line":14,"column":9}},{"start":{},"end":{}}],"line":12},"1":{"loc":{"start":{"line":18,"column":8},"end":{"line":20,"column":9}},"type":"if","locations":[{"start":{"line":18,"column":8},"end":{"line":20,"column":9}},{"start":{},"end":{}}],"line":18},"2":{"loc":{"start":{"line":41,"column":8},"end":{"line":41,"column":87}},"type":"if","locations":[{"start":{"line":41,"column":8},"end":{"line":41,"column":87}},{"start":{},"end":{}}],"line":41},"3":{"loc":{"start":{"line":45,"column":8},"end":{"line":45,"column":98}},"type":"if","locations":[{"start":{"line":45,"column":8},"end":{"line":45,"column":98}},{"start":{},"end":{}}],"line":45},"4":{"loc":{"start":{"line":71,"column":8},"end":{"line":71,"column":86}},"type":"if","locations":[{"start":{"line":71,"column":8},"end":{"line":71,"column":86}},{"start":{},"end":{}}],"line":71}},"s":{"0":1,"1":3,"2":3,"3":3,"4":3,"5":1,"6":2,"7":2,"8":1,"9":1,"10":1,"11":1,"12":1,"13":0,"14":1,"15":0,"16":0,"17":0,"18":0,"19":0,"20":0,"21":0,"22":0,"23":0,"24":0,"25":0,"26":1,"27":0,"28":0,"29":0,"30":0,"31":1,"32":0,"33":0,"34":0,"35":0,"36":0,"37":0,"38":0,"39":0},"f":{"0":3,"1":0,"2":0,"3":0},"b":{"0":[1,2],"1":[1,1],"2":[0,0],"3":[0,0],"4":[0,0]},"_coverageSchema":"1a1c01bbd47fc00a2c39e90264f33305004495a9","hash":"ab32f5728f5a4ee90177bdcb367c5843d95981d1"}
,"E:\\backend\\middlewares\\authMiddleware.js": {"path":"E:\\backend\\middlewares\\authMiddleware.js","statementMap":{"0":{"start":{"line":3,"column":32},"end":{"line":15,"column":1}},"1":{"start":{"line":4,"column":18},"end":{"line":4,"column":45}},"2":{"start":{"line":6,"column":4},"end":{"line":6,"column":89}},"3":{"start":{"line":6,"column":16},"end":{"line":6,"column":89}},"4":{"start":{"line":8,"column":4},"end":{"line":14,"column":5}},"5":{"start":{"line":9,"column":24},"end":{"line":9,"column":65}},"6":{"start":{"line":10,"column":8},"end":{"line":10,"column":27}},"7":{"start":{"line":11,"column":8},"end":{"line":11,"column":15}},"8":{"start":{"line":13,"column":8},"end":{"line":13,"column":60}},"9":{"start":{"line":17,"column":23},"end":{"line":22,"column":1}},"10":{"start":{"line":18,"column":4},"end":{"line":20,"column":5}},"11":{"start":{"line":19,"column":8},"end":{"line":19,"column":88}},"12":{"start":{"line":21,"column":4},"end":{"line":21,"column":11}}},"fnMap":{"0":{"name":"(anonymous_0)","decl":{"start":{"line":3,"column":32},"end":{"line":3,"column":33}},"loc":{"start":{"line":3,"column":52},"end":{"line":15,"column":1}},"line":3},"1":{"name":"(anonymous_1)","decl":{"start":{"line":17,"column":23},"end":{"line":17,"column":24}},"loc":{"start":{"line":17,"column":43},"end":{"line":22,"column":1}},"line":17}},"branchMap":{"0":{"loc":{"start":{"line":6,"column":4},"end":{"line":6,"column":89}},"type":"if","locations":[{"start":{"line":6,"column":4},"end":{"line":6,"column":89}},{"start":{},"end":{}}],"line":6},"1":{"loc":{"start":{"line":18,"column":4},"end":{"line":20,"column":5}},"type":"if","locations":[{"start":{"line":18,"column":4},"end":{"line":20,"column":5}},{"start":{},"end":{}}],"line":18},"2":{"loc":{"start":{"line":18,"column":8},"end":{"line":18,"column":38}},"type":"binary-expr","locations":[{"start":{"line":18,"column":8},"end":{"line":18,"column":17}},{"start":{"line":18,"column":21},"end":{"line":18,"column":38}}],"line":18}},"s":{"0":1,"1":0,"2":0,"3":0,"4":0,"5":0,"6":0,"7":0,"8":0,"9":1,"10":0,"11":0,"12":0},"f":{"0":0,"1":0},"b":{"0":[0,0],"1":[0,0],"2":[0,0]},"_coverageSchema":"1a1c01bbd47fc00a2c39e90264f33305004495a9","hash":"cddb5643660b61e892a50b0c811554f768500995"}
,"E:\\backend\\models\\User.js": {"path":"E:\\backend\\models\\User.js","statementMap":{"0":{"start":{"line":3,"column":19},"end":{"line":48,"column":24}},"1":{"start":{"line":25,"column":28},"end":{"line":25,"column":74}},"2":{"start":{"line":26,"column":16},"end":{"line":26,"column":33}},"3":{"start":{"line":50,"column":13},"end":{"line":50,"column":47}}},"fnMap":{"0":{"name":"(anonymous_0)","decl":{"start":{"line":24,"column":23},"end":{"line":24,"column":24}},"loc":{"start":{"line":24,"column":39},"end":{"line":27,"column":13}},"line":24}},"branchMap":{},"s":{"0":1,"1":2,"2":2,"3":1},"f":{"0":2},"b":{},"_coverageSchema":"1a1c01bbd47fc00a2c39e90264f33305004495a9","hash":"9554ed481986bb67571e5ad659a4566e6b7825c2"}
,"E:\\backend\\routes\\userRoutes.js": {"path":"E:\\backend\\routes\\userRoutes.js","statementMap":{"0":{"start":{"line":5,"column":15},"end":{"line":5,"column":31}},"1":{"start":{"line":7,"column":0},"end":{"line":7,"column":39}},"2":{"start":{"line":8,"column":0},"end":{"line":8,"column":33}},"3":{"start":{"line":9,"column":0},"end":{"line":9,"column":44}},"4":{"start":{"line":10,"column":0},"end":{"line":10,"column":61}}},"fnMap":{},"branchMap":{},"s":{"0":1,"1":1,"2":1,"3":1,"4":1},"f":{},"b":{},"_coverageSchema":"1a1c01bbd47fc00a2c39e90264f33305004495a9","hash":"1f526e04ea1016f9bf7afadd37c008b30b744a15"}
}
